# JRE version: OpenJDK Runtime Environment Temurin-17.0.4+8 (17.0.4+8) (build 17.0.4+8)
# Java VM: OpenJDK 64-Bit Server VM Temurin-17.0.4+8 (17.0.4+8, mixed mode, tiered, compressed oops, compressed class ptrs, parallel gc, windows-amd64)
GC Precious Log:
 CPUs: 8 total, 8 available
 Memory: 6020M
 Large Page Support: Disabled
 NUMA Support: Disabled
 Compressed Oops: Enabled (32-bit)
 Alignments: Space 512K, Generation 512K, Heap 2M
 Heap Min Capacity: 100M
 Heap Initial Capacity: 100M
 Heap Max Capacity: 1G
 Pre-touch: Disabled
 Parallel Workers: 8
Heap:
 PSYoungGen      total 22016K, used 7058K [0x00000000eab00000, 0x00000000ec300000, 0x0000000100000000)
  eden space 21504K, 30% used [0x00000000eab00000,0x00000000eb168380,0x00000000ec000000)
  from space 512K, 97% used [0x00000000ec180000,0x00000000ec1fc840,0x00000000ec200000)
  to   space 1536K, 0% used [0x00000000ec000000,0x00000000ec000000,0x00000000ec180000)
 ParOldGen       total 68608K, used 32272K [0x00000000c0000000, 0x00000000c4300000, 0x00000000eab00000)
  object space 68608K, 47% used [0x00000000c0000000,0x00000000c1f841a0,0x00000000c4300000)
 Metaspace       used 54963K, committed 55744K, reserved 1105920K
  class space    used 5833K, committed 6208K, reserved 1048576K
GC Heap History (20 events):
Event: 12.633 GC heap before
{Heap before GC invocations=15 (full 2):
 PSYoungGen      total 22528K, used 22528K [0x00000000eab00000, 0x00000000ec880000, 0x0000000100000000)
  eden space 22016K, 100% used [0x00000000eab00000,0x00000000ec080000,0x00000000ec080000)
  from space 512K, 100% used [0x00000000ec480000,0x00000000ec500000,0x00000000ec500000)
  to   space 4096K, 0% used [0x00000000ec080000,0x00000000ec080000,0x00000000ec480000)
 ParOldGen       total 68608K, used 17096K [0x00000000c0000000, 0x00000000c4300000, 0x00000000eab00000)
  object space 68608K, 24% used [0x00000000c0000000,0x00000000c10b2250,0x00000000c4300000)
 Metaspace       used 44535K, committed 45248K, reserved 1089536K
  class space    used 4782K, committed 5120K, reserved 1048576K
}
Event: 12.638 GC heap after
{Heap after GC invocations=15 (full 2):
 PSYoungGen      total 24576K, used 2176K [0x00000000eab00000, 0x00000000ec680000, 0x0000000100000000)
  eden space 22016K, 0% used [0x00000000eab00000,0x00000000eab00000,0x00000000ec080000)
  from space 2560K, 85% used [0x00000000ec080000,0x00000000ec2a0020,0x00000000ec300000)
  to   space 3072K, 0% used [0x00000000ec380000,0x00000000ec380000,0x00000000ec680000)
 ParOldGen       total 68608K, used 17640K [0x00000000c0000000, 0x00000000c4300000, 0x00000000eab00000)
  object space 68608K, 25% used [0x00000000c0000000,0x00000000c113a250,0x00000000c4300000)
 Metaspace       used 44535K, committed 45248K, reserved 1089536K
  class space    used 4782K, committed 5120K, reserved 1048576K
}
Event: 12.889 GC heap before
{Heap before GC invocations=16 (full 2):
 PSYoungGen      total 24576K, used 24192K [0x00000000eab00000, 0x00000000ec680000, 0x0000000100000000)
  eden space 22016K, 100% used [0x00000000eab00000,0x00000000ec080000,0x00000000ec080000)
  from space 2560K, 85% used [0x00000000ec080000,0x00000000ec2a0020,0x00000000ec300000)
  to   space 3072K, 0% used [0x00000000ec380000,0x00000000ec380000,0x00000000ec680000)
 ParOldGen       total 68608K, used 17640K [0x00000000c0000000, 0x00000000c4300000, 0x00000000eab00000)
  object space 68608K, 25% used [0x00000000c0000000,0x00000000c113a250,0x00000000c4300000)
 Metaspace       used 44900K, committed 45632K, reserved 1089536K
  class space    used 4835K, committed 5184K, reserved 1048576K
}
Event: 12.894 GC heap after
{Heap after GC invocations=16 (full 2):
 PSYoungGen      total 24064K, used 2016K [0x00000000eab00000, 0x00000000ec580000, 0x0000000100000000)
  eden space 22016K, 0% used [0x00000000eab00000,0x00000000eab00000,0x00000000ec080000)
  from space 2048K, 98% used [0x00000000ec380000,0x00000000ec578000,0x00000000ec580000)
  to   space 2560K, 0% used [0x00000000ec080000,0x00000000ec080000,0x00000000ec300000)
 ParOldGen       total 68608K, used 19672K [0x00000000c0000000, 0x00000000c4300000, 0x00000000eab00000)
  object space 68608K, 28% used [0x00000000c0000000,0x00000000c1336280,0x00000000c4300000)
 Metaspace       used 44900K, committed 45632K, reserved 1089536K
  class space    used 4835K, committed 5184K, reserved 1048576K
}
Event: 13.104 GC heap before
{Heap before GC invocations=17 (full 2):
 PSYoungGen      total 24064K, used 24032K [0x00000000eab00000, 0x00000000ec580000, 0x0000000100000000)
  eden space 22016K, 100% used [0x00000000eab00000,0x00000000ec080000,0x00000000ec080000)
  from space 2048K, 98% used [0x00000000ec380000,0x00000000ec578000,0x00000000ec580000)
  to   space 2560K, 0% used [0x00000000ec080000,0x00000000ec080000,0x00000000ec300000)
 ParOldGen       total 68608K, used 19672K [0x00000000c0000000, 0x00000000c4300000, 0x00000000eab00000)
  object space 68608K, 28% used [0x00000000c0000000,0x00000000c1336280,0x00000000c4300000)
 Metaspace       used 45071K, committed 45760K, reserved 1089536K
  class space    used 4856K, committed 5184K, reserved 1048576K
}
Event: 13.108 GC heap after
{Heap after GC invocations=17 (full 2):
 PSYoungGen      total 24576K, used 2368K [0x00000000eab00000, 0x00000000ec580000, 0x0000000100000000)
  eden space 22016K, 0% used [0x00000000eab00000,0x00000000eab00000,0x00000000ec080000)
  from space 2560K, 92% used [0x00000000ec080000,0x00000000ec2d0010,0x00000000ec300000)
  to   space 2560K, 0% used [0x00000000ec300000,0x00000000ec300000,0x00000000ec580000)
 ParOldGen       total 68608K, used 22048K [0x00000000c0000000, 0x00000000c4300000, 0x00000000eab00000)
  object space 68608K, 32% used [0x00000000c0000000,0x00000000c1588290,0x00000000c4300000)
 Metaspace       used 45071K, committed 45760K, reserved 1089536K
  class space    used 4856K, committed 5184K, reserved 1048576K
}
Event: 13.217 GC heap before
{Heap before GC invocations=18 (full 2):
 PSYoungGen      total 24576K, used 24384K [0x00000000eab00000, 0x00000000ec580000, 0x0000000100000000)
  eden space 22016K, 100% used [0x00000000eab00000,0x00000000ec080000,0x00000000ec080000)
  from space 2560K, 92% used [0x00000000ec080000,0x00000000ec2d0010,0x00000000ec300000)
  to   space 2560K, 0% used [0x00000000ec300000,0x00000000ec300000,0x00000000ec580000)
 ParOldGen       total 68608K, used 22048K [0x00000000c0000000, 0x00000000c4300000, 0x00000000eab00000)
  object space 68608K, 32% used [0x00000000c0000000,0x00000000c1588290,0x00000000c4300000)
 Metaspace       used 45154K, committed 45888K, reserved 1089536K
  class space    used 4863K, committed 5184K, reserved 1048576K
}
Event: 13.225 GC heap after
{Heap after GC invocations=18 (full 2):
 PSYoungGen      total 24064K, used 2545K [0x00000000eab00000, 0x00000000ec680000, 0x0000000100000000)
  eden space 21504K, 0% used [0x00000000eab00000,0x00000000eab00000,0x00000000ec000000)
  from space 2560K, 99% used [0x00000000ec300000,0x00000000ec57c7d0,0x00000000ec580000)
  to   space 3072K, 0% used [0x00000000ec000000,0x00000000ec000000,0x00000000ec300000)
 ParOldGen       total 68608K, used 24228K [0x00000000c0000000, 0x00000000c4300000, 0x00000000eab00000)
  object space 68608K, 35% used [0x00000000c0000000,0x00000000c17a9018,0x00000000c4300000)
 Metaspace       used 45154K, committed 45888K, reserved 1089536K
  class space    used 4863K, committed 5184K, reserved 1048576K
}
Event: 13.334 GC heap before
{Heap before GC invocations=19 (full 2):
 PSYoungGen      total 24064K, used 24049K [0x00000000eab00000, 0x00000000ec680000, 0x0000000100000000)
  eden space 21504K, 100% used [0x00000000eab00000,0x00000000ec000000,0x00000000ec000000)
  from space 2560K, 99% used [0x00000000ec300000,0x00000000ec57c7d0,0x00000000ec580000)
  to   space 3072K, 0% used [0x00000000ec000000,0x00000000ec000000,0x00000000ec300000)
 ParOldGen       total 68608K, used 24228K [0x00000000c0000000, 0x00000000c4300000, 0x00000000eab00000)
  object space 68608K, 35% used [0x00000000c0000000,0x00000000c17a9018,0x00000000c4300000)
 Metaspace       used 45303K, committed 46080K, reserved 1089536K
  class space    used 4873K, committed 5248K, reserved 1048576K
}
Event: 13.343 GC heap after
{Heap after GC invocations=19 (full 2):
 PSYoungGen      total 24064K, used 2432K [0x00000000eab00000, 0x00000000ec500000, 0x0000000100000000)
  eden space 21504K, 0% used [0x00000000eab00000,0x00000000eab00000,0x00000000ec000000)
  from space 2560K, 95% used [0x00000000ec000000,0x00000000ec260010,0x00000000ec280000)
  to   space 2560K, 0% used [0x00000000ec280000,0x00000000ec280000,0x00000000ec500000)
 ParOldGen       total 68608K, used 26644K [0x00000000c0000000, 0x00000000c4300000, 0x00000000eab00000)
  object space 68608K, 38% used [0x00000000c0000000,0x00000000c1a05018,0x00000000c4300000)
 Metaspace       used 45303K, committed 46080K, reserved 1089536K
  class space    used 4873K, committed 5248K, reserved 1048576K
}
Event: 13.869 GC heap before
{Heap before GC invocations=20 (full 2):
 PSYoungGen      total 24064K, used 23936K [0x00000000eab00000, 0x00000000ec500000, 0x0000000100000000)
  eden space 21504K, 100% used [0x00000000eab00000,0x00000000ec000000,0x00000000ec000000)
  from space 2560K, 95% used [0x00000000ec000000,0x00000000ec260010,0x00000000ec280000)
  to   space 2560K, 0% used [0x00000000ec280000,0x00000000ec280000,0x00000000ec500000)
 ParOldGen       total 68608K, used 26644K [0x00000000c0000000, 0x00000000c4300000, 0x00000000eab00000)
  object space 68608K, 38% used [0x00000000c0000000,0x00000000c1a05018,0x00000000c4300000)
 Metaspace       used 47685K, committed 48512K, reserved 1097728K
  class space    used 5107K, committed 5504K, reserved 1048576K
}
Event: 13.874 GC heap after
{Heap after GC invocations=20 (full 2):
 PSYoungGen      total 24064K, used 1897K [0x00000000eab00000, 0x00000000ec500000, 0x0000000100000000)
  eden space 21504K, 0% used [0x00000000eab00000,0x00000000eab00000,0x00000000ec000000)
  from space 2560K, 74% used [0x00000000ec280000,0x00000000ec45a598,0x00000000ec500000)
  to   space 2560K, 0% used [0x00000000ec000000,0x00000000ec000000,0x00000000ec280000)
 ParOldGen       total 68608K, used 28991K [0x00000000c0000000, 0x00000000c4300000, 0x00000000eab00000)
  object space 68608K, 42% used [0x00000000c0000000,0x00000000c1c4fc00,0x00000000c4300000)
 Metaspace       used 47685K, committed 48512K, reserved 1097728K
  class space    used 5107K, committed 5504K, reserved 1048576K
}
Event: 15.792 GC heap before
{Heap before GC invocations=21 (full 2):
 PSYoungGen      total 24064K, used 23401K [0x00000000eab00000, 0x00000000ec500000, 0x0000000100000000)
  eden space 21504K, 100% used [0x00000000eab00000,0x00000000ec000000,0x00000000ec000000)
  from space 2560K, 74% used [0x00000000ec280000,0x00000000ec45a598,0x00000000ec500000)
  to   space 2560K, 0% used [0x00000000ec000000,0x00000000ec000000,0x00000000ec280000)
 ParOldGen       total 68608K, used 28991K [0x00000000c0000000, 0x00000000c4300000, 0x00000000eab00000)
  object space 68608K, 42% used [0x00000000c0000000,0x00000000c1c4fc00,0x00000000c4300000)
 Metaspace       used 49125K, committed 49920K, reserved 1097728K
  class space    used 5288K, committed 5696K, reserved 1048576K
}
Event: 15.796 GC heap after
{Heap after GC invocations=21 (full 2):
 PSYoungGen      total 22528K, used 720K [0x00000000eab00000, 0x00000000ec300000, 0x0000000100000000)
  eden space 21504K, 0% used [0x00000000eab00000,0x00000000eab00000,0x00000000ec000000)
  from space 1024K, 70% used [0x00000000ec000000,0x00000000ec0b4028,0x00000000ec100000)
  to   space 1536K, 0% used [0x00000000ec180000,0x00000000ec180000,0x00000000ec300000)
 ParOldGen       total 68608K, used 30747K [0x00000000c0000000, 0x00000000c4300000, 0x00000000eab00000)
  object space 68608K, 44% used [0x00000000c0000000,0x00000000c1e06c00,0x00000000c4300000)
 Metaspace       used 49125K, committed 49920K, reserved 1097728K
  class space    used 5288K, committed 5696K, reserved 1048576K
}
Event: 16.574 GC heap before
{Heap before GC invocations=22 (full 2):
 PSYoungGen      total 22528K, used 22224K [0x00000000eab00000, 0x00000000ec300000, 0x0000000100000000)
  eden space 21504K, 100% used [0x00000000eab00000,0x00000000ec000000,0x00000000ec000000)
  from space 1024K, 70% used [0x00000000ec000000,0x00000000ec0b4028,0x00000000ec100000)
  to   space 1536K, 0% used [0x00000000ec180000,0x00000000ec180000,0x00000000ec300000)
 ParOldGen       total 68608K, used 30747K [0x00000000c0000000, 0x00000000c4300000, 0x00000000eab00000)
  object space 68608K, 44% used [0x00000000c0000000,0x00000000c1e06c00,0x00000000c4300000)
 Metaspace       used 50030K, committed 50880K, reserved 1097728K
  class space    used 5357K, committed 5760K, reserved 1048576K
}
Event: 16.577 GC heap after
{Heap after GC invocations=22 (full 2):
 PSYoungGen      total 23040K, used 984K [0x00000000eab00000, 0x00000000ec300000, 0x0000000100000000)
  eden space 21504K, 0% used [0x00000000eab00000,0x00000000eab00000,0x00000000ec000000)
  from space 1536K, 64% used [0x00000000ec180000,0x00000000ec2763b0,0x00000000ec300000)
  to   space 1536K, 0% used [0x00000000ec000000,0x00000000ec000000,0x00000000ec180000)
 ParOldGen       total 68608K, used 31333K [0x00000000c0000000, 0x00000000c4300000, 0x00000000eab00000)
  object space 68608K, 45% used [0x00000000c0000000,0x00000000c1e996d0,0x00000000c4300000)
 Metaspace       used 50030K, committed 50880K, reserved 1097728K
  class space    used 5357K, committed 5760K, reserved 1048576K
}
Event: 16.927 GC heap before
{Heap before GC invocations=23 (full 2):
 PSYoungGen      total 23040K, used 22488K [0x00000000eab00000, 0x00000000ec300000, 0x0000000100000000)
  eden space 21504K, 100% used [0x00000000eab00000,0x00000000ec000000,0x00000000ec000000)
  from space 1536K, 64% used [0x00000000ec180000,0x00000000ec2763b0,0x00000000ec300000)
  to   space 1536K, 0% used [0x00000000ec000000,0x00000000ec000000,0x00000000ec180000)
 ParOldGen       total 68608K, used 31333K [0x00000000c0000000, 0x00000000c4300000, 0x00000000eab00000)
  object space 68608K, 45% used [0x00000000c0000000,0x00000000c1e996d0,0x00000000c4300000)
 Metaspace       used 50651K, committed 51520K, reserved 1097728K
  class space    used 5413K, committed 5824K, reserved 1048576K
}
Event: 16.928 GC heap after
{Heap after GC invocations=23 (full 2):
 PSYoungGen      total 23040K, used 160K [0x00000000eab00000, 0x00000000ec200000, 0x0000000100000000)
  eden space 21504K, 0% used [0x00000000eab00000,0x00000000eab00000,0x00000000ec000000)
  from space 1536K, 10% used [0x00000000ec000000,0x00000000ec028000,0x00000000ec180000)
  to   space 512K, 0% used [0x00000000ec180000,0x00000000ec180000,0x00000000ec200000)
 ParOldGen       total 68608K, used 31509K [0x00000000c0000000, 0x00000000c4300000, 0x00000000eab00000)
  object space 68608K, 45% used [0x00000000c0000000,0x00000000c1ec56d0,0x00000000c4300000)
 Metaspace       used 50651K, committed 51520K, reserved 1097728K
  class space    used 5413K, committed 5824K, reserved 1048576K
}
Event: 18.365 GC heap before
{Heap before GC invocations=24 (full 2):
 PSYoungGen      total 23040K, used 21651K [0x00000000eab00000, 0x00000000ec200000, 0x0000000100000000)
  eden space 21504K, 99% used [0x00000000eab00000,0x00000000ebffcc70,0x00000000ec000000)
  from space 1536K, 10% used [0x00000000ec000000,0x00000000ec028000,0x00000000ec180000)
  to   space 512K, 0% used [0x00000000ec180000,0x00000000ec180000,0x00000000ec200000)
 ParOldGen       total 68608K, used 31509K [0x00000000c0000000, 0x00000000c4300000, 0x00000000eab00000)
  object space 68608K, 45% used [0x00000000c0000000,0x00000000c1ec56d0,0x00000000c4300000)
 Metaspace       used 54108K, committed 54912K, reserved 1105920K
  class space    used 5757K, committed 6144K, reserved 1048576K
}
Event: 18.369 GC heap after
{Heap after GC invocations=24 (full 2):
 PSYoungGen      total 22016K, used 498K [0x00000000eab00000, 0x00000000ec300000, 0x0000000100000000)
  eden space 21504K, 0% used [0x00000000eab00000,0x00000000eab00000,0x00000000ec000000)
  from space 512K, 97% used [0x00000000ec180000,0x00000000ec1fc840,0x00000000ec200000)
  to   space 1536K, 0% used [0x00000000ec000000,0x00000000ec000000,0x00000000ec180000)
 ParOldGen       total 68608K, used 32272K [0x00000000c0000000, 0x00000000c4300000, 0x00000000eab00000)
  object space 68608K, 47% used [0x00000000c0000000,0x00000000c1f841a0,0x00000000c4300000)
 Metaspace       used 54108K, committed 54912K, reserved 1105920K
  class space    used 5757K, committed 6144K, reserved 1048576K
}

