# JRE version: OpenJDK Runtime Environment Temurin-17.0.4+8 (17.0.4+8) (build 17.0.4+8)
# Java VM: OpenJDK 64-Bit Server VM Temurin-17.0.4+8 (17.0.4+8, mixed mode, tiered, compressed oops, compressed class ptrs, parallel gc, windows-amd64)
GC Precious Log:
 CPUs: 8 total, 8 available
 Memory: 6020M
 Large Page Support: Disabled
 NUMA Support: Disabled
 Compressed Oops: Enabled (32-bit)
 Alignments: Space 512K, Generation 512K, Heap 2M
 Heap Min Capacity: 100M
 Heap Initial Capacity: 100M
 Heap Max Capacity: 1G
 Pre-touch: Disabled
 Parallel Workers: 8
Heap:
 PSYoungGen      total 20992K, used 1084K [0x00000000eab00000, 0x00000000ec380000, 0x0000000100000000)
  eden space 19456K, 5% used [0x00000000eab00000,0x00000000eac0f188,0x00000000ebe00000)
  from space 1536K, 0% used [0x00000000ec080000,0x00000000ec080000,0x00000000ec200000)
  to   space 1024K, 0% used [0x00000000ec280000,0x00000000ec280000,0x00000000ec380000)
 ParOldGen       total 68608K, used 33005K [0x00000000c0000000, 0x00000000c4300000, 0x00000000eab00000)
  object space 68608K, 48% used [0x00000000c0000000,0x00000000c203b488,0x00000000c4300000)
 Metaspace       used 59020K, committed 59776K, reserved 1105920K
  class space    used 6377K, committed 6720K, reserved 1048576K
GC Heap History (20 events):
Event: 33.555 GC heap before
{Heap before GC invocations=17 (full 2):
 PSYoungGen      total 24576K, used 24240K [0x00000000eab00000, 0x00000000ec580000, 0x0000000100000000)
  eden space 22016K, 100% used [0x00000000eab00000,0x00000000ec080000,0x00000000ec080000)
  from space 2560K, 86% used [0x00000000ec300000,0x00000000ec52c030,0x00000000ec580000)
  to   space 2560K, 0% used [0x00000000ec080000,0x00000000ec080000,0x00000000ec300000)
 ParOldGen       total 68608K, used 19156K [0x00000000c0000000, 0x00000000c4300000, 0x00000000eab00000)
  object space 68608K, 27% used [0x00000000c0000000,0x00000000c12b5148,0x00000000c4300000)
 Metaspace       used 50389K, committed 51136K, reserved 1097728K
  class space    used 5503K, committed 5824K, reserved 1048576K
}
Event: 33.562 GC heap after
{Heap after GC invocations=17 (full 2):
 PSYoungGen      total 24576K, used 2240K [0x00000000eab00000, 0x00000000ec580000, 0x0000000100000000)
  eden space 22016K, 0% used [0x00000000eab00000,0x00000000eab00000,0x00000000ec080000)
  from space 2560K, 87% used [0x00000000ec080000,0x00000000ec2b0010,0x00000000ec300000)
  to   space 2560K, 0% used [0x00000000ec300000,0x00000000ec300000,0x00000000ec580000)
 ParOldGen       total 68608K, used 21274K [0x00000000c0000000, 0x00000000c4300000, 0x00000000eab00000)
  object space 68608K, 31% used [0x00000000c0000000,0x00000000c14c6bd0,0x00000000c4300000)
 Metaspace       used 50389K, committed 51136K, reserved 1097728K
  class space    used 5503K, committed 5824K, reserved 1048576K
}
Event: 33.854 GC heap before
{Heap before GC invocations=18 (full 2):
 PSYoungGen      total 24576K, used 24256K [0x00000000eab00000, 0x00000000ec580000, 0x0000000100000000)
  eden space 22016K, 100% used [0x00000000eab00000,0x00000000ec080000,0x00000000ec080000)
  from space 2560K, 87% used [0x00000000ec080000,0x00000000ec2b0010,0x00000000ec300000)
  to   space 2560K, 0% used [0x00000000ec300000,0x00000000ec300000,0x00000000ec580000)
 ParOldGen       total 68608K, used 21274K [0x00000000c0000000, 0x00000000c4300000, 0x00000000eab00000)
  object space 68608K, 31% used [0x00000000c0000000,0x00000000c14c6bd0,0x00000000c4300000)
 Metaspace       used 50466K, committed 51200K, reserved 1097728K
  class space    used 5513K, committed 5824K, reserved 1048576K
}
Event: 33.862 GC heap after
{Heap after GC invocations=18 (full 2):
 PSYoungGen      total 22016K, used 2528K [0x00000000eab00000, 0x00000000eca80000, 0x0000000100000000)
  eden space 19456K, 0% used [0x00000000eab00000,0x00000000eab00000,0x00000000ebe00000)
  from space 2560K, 98% used [0x00000000ec300000,0x00000000ec578020,0x00000000ec580000)
  to   space 5120K, 0% used [0x00000000ebe00000,0x00000000ebe00000,0x00000000ec300000)
 ParOldGen       total 68608K, used 23441K [0x00000000c0000000, 0x00000000c4300000, 0x00000000eab00000)
  object space 68608K, 34% used [0x00000000c0000000,0x00000000c16e47c0,0x00000000c4300000)
 Metaspace       used 50466K, committed 51200K, reserved 1097728K
  class space    used 5513K, committed 5824K, reserved 1048576K
}
Event: 33.954 GC heap before
{Heap before GC invocations=19 (full 2):
 PSYoungGen      total 22016K, used 21984K [0x00000000eab00000, 0x00000000eca80000, 0x0000000100000000)
  eden space 19456K, 100% used [0x00000000eab00000,0x00000000ebe00000,0x00000000ebe00000)
  from space 2560K, 98% used [0x00000000ec300000,0x00000000ec578020,0x00000000ec580000)
  to   space 5120K, 0% used [0x00000000ebe00000,0x00000000ebe00000,0x00000000ec300000)
 ParOldGen       total 68608K, used 23441K [0x00000000c0000000, 0x00000000c4300000, 0x00000000eab00000)
  object space 68608K, 34% used [0x00000000c0000000,0x00000000c16e47c0,0x00000000c4300000)
 Metaspace       used 50466K, committed 51200K, reserved 1097728K
  class space    used 5513K, committed 5824K, reserved 1048576K
}
Event: 33.961 GC heap after
{Heap after GC invocations=19 (full 2):
 PSYoungGen      total 22016K, used 2176K [0x00000000eab00000, 0x00000000ec500000, 0x0000000100000000)
  eden space 19456K, 0% used [0x00000000eab00000,0x00000000eab00000,0x00000000ebe00000)
  from space 2560K, 85% used [0x00000000ebe00000,0x00000000ec020000,0x00000000ec080000)
  to   space 3584K, 0% used [0x00000000ec180000,0x00000000ec180000,0x00000000ec500000)
 ParOldGen       total 68608K, used 25974K [0x00000000c0000000, 0x00000000c4300000, 0x00000000eab00000)
  object space 68608K, 37% used [0x00000000c0000000,0x00000000c195db38,0x00000000c4300000)
 Metaspace       used 50466K, committed 51200K, reserved 1097728K
  class space    used 5513K, committed 5824K, reserved 1048576K
}
Event: 34.115 GC heap before
{Heap before GC invocations=20 (full 2):
 PSYoungGen      total 22016K, used 21632K [0x00000000eab00000, 0x00000000ec500000, 0x0000000100000000)
  eden space 19456K, 100% used [0x00000000eab00000,0x00000000ebe00000,0x00000000ebe00000)
  from space 2560K, 85% used [0x00000000ebe00000,0x00000000ec020000,0x00000000ec080000)
  to   space 3584K, 0% used [0x00000000ec180000,0x00000000ec180000,0x00000000ec500000)
 ParOldGen       total 68608K, used 25974K [0x00000000c0000000, 0x00000000c4300000, 0x00000000eab00000)
  object space 68608K, 37% used [0x00000000c0000000,0x00000000c195db38,0x00000000c4300000)
 Metaspace       used 50467K, committed 51200K, reserved 1097728K
  class space    used 5513K, committed 5824K, reserved 1048576K
}
Event: 34.123 GC heap after
{Heap after GC invocations=20 (full 2):
 PSYoungGen      total 22016K, used 2464K [0x00000000eab00000, 0x00000000ec400000, 0x0000000100000000)
  eden space 19456K, 0% used [0x00000000eab00000,0x00000000eab00000,0x00000000ebe00000)
  from space 2560K, 96% used [0x00000000ec180000,0x00000000ec3e8010,0x00000000ec400000)
  to   space 2560K, 0% used [0x00000000ebe00000,0x00000000ebe00000,0x00000000ec080000)
 ParOldGen       total 68608K, used 28038K [0x00000000c0000000, 0x00000000c4300000, 0x00000000eab00000)
  object space 68608K, 40% used [0x00000000c0000000,0x00000000c1b61b38,0x00000000c4300000)
 Metaspace       used 50467K, committed 51200K, reserved 1097728K
  class space    used 5513K, committed 5824K, reserved 1048576K
}
Event: 34.342 GC heap before
{Heap before GC invocations=21 (full 2):
 PSYoungGen      total 22016K, used 21920K [0x00000000eab00000, 0x00000000ec400000, 0x0000000100000000)
  eden space 19456K, 100% used [0x00000000eab00000,0x00000000ebe00000,0x00000000ebe00000)
  from space 2560K, 96% used [0x00000000ec180000,0x00000000ec3e8010,0x00000000ec400000)
  to   space 2560K, 0% used [0x00000000ebe00000,0x00000000ebe00000,0x00000000ec080000)
 ParOldGen       total 68608K, used 28038K [0x00000000c0000000, 0x00000000c4300000, 0x00000000eab00000)
  object space 68608K, 40% used [0x00000000c0000000,0x00000000c1b61b38,0x00000000c4300000)
 Metaspace       used 50568K, committed 51328K, reserved 1097728K
  class space    used 5519K, committed 5824K, reserved 1048576K
}
Event: 34.351 GC heap after
{Heap after GC invocations=21 (full 2):
 PSYoungGen      total 22016K, used 2560K [0x00000000eab00000, 0x00000000ec900000, 0x0000000100000000)
  eden space 19456K, 0% used [0x00000000eab00000,0x00000000eab00000,0x00000000ebe00000)
  from space 2560K, 100% used [0x00000000ebe00000,0x00000000ec080000,0x00000000ec080000)
  to   space 5632K, 0% used [0x00000000ec380000,0x00000000ec380000,0x00000000ec900000)
 ParOldGen       total 68608K, used 30454K [0x00000000c0000000, 0x00000000c4300000, 0x00000000eab00000)
  object space 68608K, 44% used [0x00000000c0000000,0x00000000c1dbdb48,0x00000000c4300000)
 Metaspace       used 50568K, committed 51328K, reserved 1097728K
  class space    used 5519K, committed 5824K, reserved 1048576K
}
Event: 35.595 GC heap before
{Heap before GC invocations=22 (full 2):
 PSYoungGen      total 22016K, used 22016K [0x00000000eab00000, 0x00000000ec900000, 0x0000000100000000)
  eden space 19456K, 100% used [0x00000000eab00000,0x00000000ebe00000,0x00000000ebe00000)
  from space 2560K, 100% used [0x00000000ebe00000,0x00000000ec080000,0x00000000ec080000)
  to   space 5632K, 0% used [0x00000000ec380000,0x00000000ec380000,0x00000000ec900000)
 ParOldGen       total 68608K, used 30454K [0x00000000c0000000, 0x00000000c4300000, 0x00000000eab00000)
  object space 68608K, 44% used [0x00000000c0000000,0x00000000c1dbdb48,0x00000000c4300000)
 Metaspace       used 52965K, committed 53760K, reserved 1097728K
  class space    used 5786K, committed 6144K, reserved 1048576K
}
Event: 35.600 GC heap after
{Heap after GC invocations=22 (full 2):
 PSYoungGen      total 20480K, used 662K [0x00000000eab00000, 0x00000000ec480000, 0x0000000100000000)
  eden space 19456K, 0% used [0x00000000eab00000,0x00000000eab00000,0x00000000ebe00000)
  from space 1024K, 64% used [0x00000000ec380000,0x00000000ec425ba8,0x00000000ec480000)
  to   space 2560K, 0% used [0x00000000ebf80000,0x00000000ebf80000,0x00000000ec200000)
 ParOldGen       total 68608K, used 32993K [0x00000000c0000000, 0x00000000c4300000, 0x00000000eab00000)
  object space 68608K, 48% used [0x00000000c0000000,0x00000000c2038720,0x00000000c4300000)
 Metaspace       used 52965K, committed 53760K, reserved 1097728K
  class space    used 5786K, committed 6144K, reserved 1048576K
}
Event: 37.890 GC heap before
{Heap before GC invocations=23 (full 2):
 PSYoungGen      total 20480K, used 20118K [0x00000000eab00000, 0x00000000ec480000, 0x0000000100000000)
  eden space 19456K, 100% used [0x00000000eab00000,0x00000000ebe00000,0x00000000ebe00000)
  from space 1024K, 64% used [0x00000000ec380000,0x00000000ec425ba8,0x00000000ec480000)
  to   space 2560K, 0% used [0x00000000ebf80000,0x00000000ebf80000,0x00000000ec200000)
 ParOldGen       total 68608K, used 32993K [0x00000000c0000000, 0x00000000c4300000, 0x00000000eab00000)
  object space 68608K, 48% used [0x00000000c0000000,0x00000000c2038720,0x00000000c4300000)
 Metaspace       used 54282K, committed 55104K, reserved 1097728K
  class space    used 5913K, committed 6272K, reserved 1048576K
}
Event: 37.893 GC heap after
{Heap after GC invocations=23 (full 2):
 PSYoungGen      total 22016K, used 352K [0x00000000eab00000, 0x00000000ec400000, 0x0000000100000000)
  eden space 19456K, 0% used [0x00000000eab00000,0x00000000eab00000,0x00000000ebe00000)
  from space 2560K, 13% used [0x00000000ebf80000,0x00000000ebfd8000,0x00000000ec200000)
  to   space 1024K, 0% used [0x00000000ec300000,0x00000000ec300000,0x00000000ec400000)
 ParOldGen       total 68608K, used 33568K [0x00000000c0000000, 0x00000000c4300000, 0x00000000eab00000)
  object space 68608K, 48% used [0x00000000c0000000,0x00000000c20c8248,0x00000000c4300000)
 Metaspace       used 54282K, committed 55104K, reserved 1097728K
  class space    used 5913K, committed 6272K, reserved 1048576K
}
Event: 38.308 GC heap before
{Heap before GC invocations=24 (full 2):
 PSYoungGen      total 22016K, used 19808K [0x00000000eab00000, 0x00000000ec400000, 0x0000000100000000)
  eden space 19456K, 100% used [0x00000000eab00000,0x00000000ebe00000,0x00000000ebe00000)
  from space 2560K, 13% used [0x00000000ebf80000,0x00000000ebfd8000,0x00000000ec200000)
  to   space 1024K, 0% used [0x00000000ec300000,0x00000000ec300000,0x00000000ec400000)
 ParOldGen       total 68608K, used 33568K [0x00000000c0000000, 0x00000000c4300000, 0x00000000eab00000)
  object space 68608K, 48% used [0x00000000c0000000,0x00000000c20c8248,0x00000000c4300000)
 Metaspace       used 54563K, committed 55360K, reserved 1105920K
  class space    used 5937K, committed 6272K, reserved 1048576K
}
Event: 38.313 GC heap after
{Heap after GC invocations=24 (full 2):
 PSYoungGen      total 20480K, used 921K [0x00000000eab00000, 0x00000000ec400000, 0x0000000100000000)
  eden space 19456K, 0% used [0x00000000eab00000,0x00000000eab00000,0x00000000ebe00000)
  from space 1024K, 90% used [0x00000000ec300000,0x00000000ec3e66f0,0x00000000ec400000)
  to   space 1536K, 0% used [0x00000000ec100000,0x00000000ec100000,0x00000000ec280000)
 ParOldGen       total 68608K, used 33840K [0x00000000c0000000, 0x00000000c4300000, 0x00000000eab00000)
  object space 68608K, 49% used [0x00000000c0000000,0x00000000c210c248,0x00000000c4300000)
 Metaspace       used 54563K, committed 55360K, reserved 1105920K
  class space    used 5937K, committed 6272K, reserved 1048576K
}
Event: 38.999 GC heap before
{Heap before GC invocations=25 (full 2):
 PSYoungGen      total 20480K, used 20377K [0x00000000eab00000, 0x00000000ec400000, 0x0000000100000000)
  eden space 19456K, 100% used [0x00000000eab00000,0x00000000ebe00000,0x00000000ebe00000)
  from space 1024K, 90% used [0x00000000ec300000,0x00000000ec3e66f0,0x00000000ec400000)
  to   space 1536K, 0% used [0x00000000ec100000,0x00000000ec100000,0x00000000ec280000)
 ParOldGen       total 68608K, used 33840K [0x00000000c0000000, 0x00000000c4300000, 0x00000000eab00000)
  object space 68608K, 49% used [0x00000000c0000000,0x00000000c210c248,0x00000000c4300000)
 Metaspace       used 55848K, committed 56640K, reserved 1105920K
  class space    used 6027K, committed 6336K, reserved 1048576K
}
Event: 39.001 GC heap after
{Heap after GC invocations=25 (full 2):
 PSYoungGen      total 20992K, used 224K [0x00000000eab00000, 0x00000000ec380000, 0x0000000100000000)
  eden space 19456K, 0% used [0x00000000eab00000,0x00000000eab00000,0x00000000ebe00000)
  from space 1536K, 14% used [0x00000000ec100000,0x00000000ec138000,0x00000000ec280000)
  to   space 512K, 0% used [0x00000000ec300000,0x00000000ec300000,0x00000000ec380000)
 ParOldGen       total 68608K, used 33960K [0x00000000c0000000, 0x00000000c4300000, 0x00000000eab00000)
  object space 68608K, 49% used [0x00000000c0000000,0x00000000c212a248,0x00000000c4300000)
 Metaspace       used 55848K, committed 56640K, reserved 1105920K
  class space    used 6027K, committed 6336K, reserved 1048576K
}
Event: 40.002 GC heap before
{Heap before GC invocations=26 (full 2):
 PSYoungGen      total 20992K, used 19679K [0x00000000eab00000, 0x00000000ec380000, 0x0000000100000000)
  eden space 19456K, 99% used [0x00000000eab00000,0x00000000ebdfffe8,0x00000000ebe00000)
  from space 1536K, 14% used [0x00000000ec100000,0x00000000ec138000,0x00000000ec280000)
  to   space 512K, 0% used [0x00000000ec300000,0x00000000ec300000,0x00000000ec380000)
 ParOldGen       total 68608K, used 33960K [0x00000000c0000000, 0x00000000c4300000, 0x00000000eab00000)
  object space 68608K, 49% used [0x00000000c0000000,0x00000000c212a248,0x00000000c4300000)
 Metaspace       used 58575K, committed 59328K, reserved 1105920K
  class space    used 6338K, committed 6656K, reserved 1048576K
}
Event: 40.006 GC heap after
{Heap after GC invocations=26 (full 2):
 PSYoungGen      total 19968K, used 512K [0x00000000eab00000, 0x00000000ec380000, 0x0000000100000000)
  eden space 19456K, 0% used [0x00000000eab00000,0x00000000eab00000,0x00000000ebe00000)
  from space 512K, 100% used [0x00000000ec300000,0x00000000ec380000,0x00000000ec380000)
  to   space 1536K, 0% used [0x00000000ec080000,0x00000000ec080000,0x00000000ec200000)
 ParOldGen       total 68608K, used 34643K [0x00000000c0000000, 0x00000000c4300000, 0x00000000eab00000)
  object space 68608K, 50% used [0x00000000c0000000,0x00000000c21d4e40,0x00000000c4300000)
 Metaspace       used 58575K, committed 59328K, reserved 1105920K
  class space    used 6338K, committed 6656K, reserved 1048576K
}

